<?xml version="1.0" encoding="UTF-8"?>
<!-- Generated by org.testng.reporters.JUnitReportReporter -->
<testsuite skipped="0" hostname="VUWVDIIGT017" name="selenium.CookiesExample" tests="1" failures="0" timestamp="25 Aug 2021 16:33:16 GMT" time="4.262" errors="0">
  <testcase name="myFunction" time="4.262" classname="selenium.CookiesExample"/>
</testsuite> <!-- selenium.CookiesExample -->
